2024-11-09 11:10:05,201 - INFO - Starting cross-validation
2024-11-09 11:10:05,230 - INFO - Using device: cuda
2024-11-09 11:10:05,230 - INFO - Training with folds [3, 4, 5, 6, 7, 8, 9, 10], validating with fold 2, testing with fold 1
2024-11-09 12:09:23,814 - INFO - Fold 1 Classification Report:
              precision    recall  f1-score   support

           0       0.39      0.09      0.15       100
           1       0.83      0.83      0.83        36
           2       0.75      0.85      0.79       100
           3       0.63      0.80      0.70       100
           4       0.32      0.49      0.39       100
           5       0.52      0.64      0.57        96
           6       0.95      1.00      0.97        35
           7       0.27      0.12      0.17       120
           8       0.92      0.92      0.92        86
           9       0.69      0.86      0.77       100

    accuracy                           0.61       873
   macro avg       0.63      0.66      0.63       873
weighted avg       0.58      0.61      0.57       873

2024-11-09 12:09:23,814 - INFO - Fold 1 Test Accuracy: 0.6060
2024-11-09 12:09:23,814 - INFO - Training with folds [1, 4, 5, 6, 7, 8, 9, 10], validating with fold 3, testing with fold 2
2024-11-09 13:10:11,449 - INFO - Fold 2 Classification Report:
              precision    recall  f1-score   support

           0       0.58      0.22      0.32       100
           1       0.73      0.88      0.80        42
           2       0.74      0.85      0.79       100
           3       0.76      0.88      0.81       100
           4       0.36      0.58      0.45       100
           5       0.45      0.50      0.48       100
           6       1.00      0.91      0.96        35
           7       0.49      0.31      0.38       120
           8       0.87      0.73      0.79        91
           9       0.78      0.90      0.84       100

    accuracy                           0.64       888
   macro avg       0.68      0.68      0.66       888
weighted avg       0.64      0.64      0.62       888

2024-11-09 13:10:11,449 - INFO - Fold 2 Test Accuracy: 0.6363
2024-11-09 13:10:11,449 - INFO - Training with folds [1, 2, 5, 6, 7, 8, 9, 10], validating with fold 4, testing with fold 3
2024-11-09 14:09:12,570 - INFO - Fold 3 Classification Report:
              precision    recall  f1-score   support

           0       0.41      0.40      0.40       100
           1       0.98      1.00      0.99        43
           2       0.77      0.75      0.76       100
           3       0.88      0.84      0.86       100
           4       0.46      0.77      0.58       100
           5       0.48      0.36      0.41       107
           6       1.00      1.00      1.00        36
           7       0.44      0.31      0.36       120
           8       0.95      0.83      0.89       119
           9       0.65      0.77      0.71       100

    accuracy                           0.66       925
   macro avg       0.70      0.70      0.70       925
weighted avg       0.66      0.66      0.65       925

2024-11-09 14:09:12,570 - INFO - Fold 3 Test Accuracy: 0.6562
2024-11-09 14:09:12,570 - INFO - Training with folds [1, 2, 3, 6, 7, 8, 9, 10], validating with fold 5, testing with fold 4
2024-11-09 15:09:27,179 - INFO - Fold 4 Classification Report:
              precision    recall  f1-score   support

           0       0.46      0.59      0.52       100
           1       1.00      0.56      0.72        59
           2       0.80      0.70      0.74       100
           3       0.74      0.83      0.78       100
           4       0.55      0.59      0.57       100
           5       0.56      0.51      0.54       107
           6       0.95      0.92      0.93        38
           7       0.77      0.54      0.64       120
           8       0.93      0.92      0.92       166
           9       0.59      0.82      0.69       100

    accuracy                           0.70       990
   macro avg       0.73      0.70      0.70       990
weighted avg       0.72      0.70      0.70       990

2024-11-09 15:09:27,179 - INFO - Fold 4 Test Accuracy: 0.7000
2024-11-09 15:09:27,179 - INFO - Training with folds [1, 2, 3, 4, 7, 8, 9, 10], validating with fold 6, testing with fold 5
2024-11-09 16:10:13,000 - INFO - Fold 5 Classification Report:
              precision    recall  f1-score   support

           0       0.60      0.45      0.51       100
           1       0.87      0.76      0.81        98
           2       0.87      0.59      0.70       100
           3       0.81      0.86      0.83       100
           4       0.56      0.61      0.58       100
           5       0.56      0.56      0.56       107
           6       0.98      1.00      0.99        40
           7       0.68      0.85      0.76       120
           8       0.98      0.92      0.95        71
           9       0.68      0.87      0.76       100

    accuracy                           0.73       936
   macro avg       0.76      0.75      0.75       936
weighted avg       0.73      0.73      0.72       936

2024-11-09 16:10:13,000 - INFO - Fold 5 Test Accuracy: 0.7254
2024-11-09 16:10:13,000 - INFO - Training with folds [1, 2, 3, 4, 5, 8, 9, 10], validating with fold 7, testing with fold 6
2024-11-09 17:11:19,343 - INFO - Fold 6 Classification Report:
              precision    recall  f1-score   support

           0       0.34      0.33      0.34       100
           1       0.87      0.93      0.90        28
           2       0.72      0.78      0.75       100
           3       0.88      0.81      0.84       100
           4       0.52      0.86      0.65       100
           5       0.79      0.28      0.41       107
           6       0.96      0.98      0.97        46
           7       0.47      0.28      0.35        68
           8       0.84      0.70      0.76        74
           9       0.53      0.77      0.63       100

    accuracy                           0.64       823
   macro avg       0.69      0.67      0.66       823
weighted avg       0.66      0.64      0.63       823

2024-11-09 17:11:19,343 - INFO - Fold 6 Test Accuracy: 0.6403
2024-11-09 17:11:19,343 - INFO - Training with folds [1, 2, 3, 4, 5, 6, 9, 10], validating with fold 8, testing with fold 7
2024-11-09 18:11:49,585 - INFO - Fold 7 Classification Report:
              precision    recall  f1-score   support

           0       0.54      0.80      0.65       100
           1       0.93      0.93      0.93        28
           2       0.76      0.84      0.80       100
           3       0.81      0.89      0.85       100
           4       0.65      0.51      0.57       100
           5       0.64      0.55      0.59       106
           6       0.98      0.80      0.88        51
           7       0.55      0.38      0.45        76
           8       0.91      0.78      0.84        77
           9       0.71      0.79      0.75       100

    accuracy                           0.71       838
   macro avg       0.75      0.73      0.73       838
weighted avg       0.72      0.71      0.71       838

2024-11-09 18:11:49,585 - INFO - Fold 7 Test Accuracy: 0.7124
2024-11-09 18:11:49,585 - INFO - Training with folds [1, 2, 3, 4, 5, 6, 7, 10], validating with fold 9, testing with fold 8
2024-11-09 19:11:11,890 - INFO - Fold 8 Classification Report:
              precision    recall  f1-score   support

           0       0.36      0.09      0.14       100
           1       1.00      0.87      0.93        30
           2       0.74      0.84      0.79       100
           3       0.74      0.87      0.80       100
           4       0.58      0.76      0.66       100
           5       0.56      0.66      0.61        88
           6       0.97      0.97      0.97        30
           7       0.75      0.72      0.73        78
           8       0.63      0.49      0.55        80
           9       0.64      0.79      0.71       100

    accuracy                           0.67       806
   macro avg       0.70      0.70      0.69       806
weighted avg       0.65      0.67      0.65       806

2024-11-09 19:11:11,890 - INFO - Fold 8 Test Accuracy: 0.6737
2024-11-09 19:11:11,890 - INFO - Training with folds [1, 2, 3, 4, 5, 6, 7, 8], validating with fold 10, testing with fold 9
2024-11-09 20:12:25,590 - INFO - Fold 9 Classification Report:
              precision    recall  f1-score   support

           0       0.45      0.13      0.20       100
           1       0.94      0.94      0.94        32
           2       0.70      0.77      0.73       100
           3       0.73      0.82      0.77       100
           4       0.64      0.50      0.56       100
           5       0.93      0.92      0.93        89
           6       0.96      0.71      0.81        31
           7       0.50      0.82      0.62        82
           8       0.90      0.95      0.92        82
           9       0.74      0.90      0.81       100

    accuracy                           0.72       816
   macro avg       0.75      0.75      0.73       816
weighted avg       0.71      0.72      0.70       816

2024-11-09 20:12:25,590 - INFO - Fold 9 Test Accuracy: 0.7243
2024-11-09 20:12:25,590 - INFO - Training with folds [2, 3, 4, 5, 6, 7, 8, 9], validating with fold 1, testing with fold 10
2024-11-09 21:12:46,536 - INFO - Fold 10 Classification Report:
              precision    recall  f1-score   support

           0       0.77      0.61      0.68       100
           1       0.87      1.00      0.93        33
           2       0.62      0.77      0.69       100
           3       0.71      0.80      0.75       100
           4       0.69      0.66      0.68       100
           5       0.73      0.49      0.59        93
           6       0.97      0.88      0.92        32
           7       0.84      0.89      0.86        96
           8       0.64      0.67      0.66        83
           9       0.74      0.80      0.77       100

    accuracy                           0.73       837
   macro avg       0.76      0.76      0.75       837
weighted avg       0.74      0.73      0.73       837

2024-11-09 21:12:46,536 - INFO - Fold 10 Test Accuracy: 0.7312
2024-11-09 21:12:46,536 - INFO - Average Accuracy across all folds: 0.6806
2024-11-09 21:12:46,536 - INFO - Cross-validation completed
